<?xml version="1.0" encoding="UTF-8"?>
<!-- Generated by org.testng.reporters.JUnitReportReporter -->
<testsuite hostname="DESKTOP-3QSMKUG" failures="0" tests="1" name="testScripts.placeOrderInFlipkart" time="30.550" errors="0" timestamp="2023-04-17T20:02:04 IST" skipped="0">
  <testcase classname="testScripts.placeOrderInFlipkart" name="placeOrder" time="30.550"/>
  <system-out/>
</testsuite> <!-- testScripts.placeOrderInFlipkart -->
